#
# There is insufficient memory for the Java Runtime Environment to continue.
# Native memory allocation (malloc) failed to allocate 1319136 bytes for Chunk::new
# Possible reasons:
#   The system is out of physical RAM or swap space
#   The process is running with CompressedOops enabled, and the Java Heap may be blocking the growth of the native heap
# Possible solutions:
#   Reduce memory load on the system
#   Increase physical memory or swap space
#   Check if swap backing store is full
#   Decrease Java heap size (-Xmx/-Xms)
#   Decrease number of Java threads
#   Decrease Java thread stack sizes (-Xss)
#   Set larger code cache with -XX:ReservedCodeCacheSize=
#   JVM is running with Unscaled Compressed Oops mode in which the Java heap is
#     placed in the first 4GB address space. The Java Heap base address is the
#     maximum limit for the native heap growth. Please use -XX:HeapBaseMinAddress
#     to set the Java Heap base and to place the Java Heap above 4GB virtual address.
# This output file may be truncated or incomplete.
#
#  Out of Memory Error (arena.cpp:189), pid=24080, tid=17992
#
# JRE version: OpenJDK Runtime Environment (17.0.7) (build 17.0.7+0-b2043.56-10550314)
# Java VM: OpenJDK 64-Bit Server VM (17.0.7+0-b2043.56-10550314, mixed mode, tiered, compressed oops, compressed class ptrs, g1 gc, windows-amd64)
# No core dump will be written. Minidumps are not enabled by default on client versions of Windows
#

---------------  S U M M A R Y ------------

Command Line: --add-opens=java.base/java.util=ALL-UNNAMED --add-opens=java.base/java.lang=ALL-UNNAMED --add-opens=java.base/java.lang.invoke=ALL-UNNAMED --add-opens=java.base/java.util=ALL-UNNAMED --add-opens=java.prefs/java.util.prefs=ALL-UNNAMED --add-opens=java.prefs/java.util.prefs=ALL-UNNAMED --add-opens=java.base/java.nio.charset=ALL-UNNAMED --add-opens=java.base/java.net=ALL-UNNAMED --add-opens=java.base/java.util.concurrent.atomic=ALL-UNNAMED -Xmx2048m -Dfile.encoding=UTF-8 -Duser.country=IN -Duser.language=en -Duser.variant org.gradle.launcher.daemon.bootstrap.GradleDaemon 7.4

Host: Intel(R) Core(TM) i5-8265U CPU @ 1.60GHz, 8 cores, 3G,  Windows 11 , 64 bit Build 22621 (10.0.22621.2506)
Time: Mon Jan 22 22:18:05 2024 India Standard Time elapsed time: 49.043691 seconds (0d 0h 0m 49s)

---------------  T H R E A D  ---------------

Current thread (0x0000020bc1a57eb0):  JavaThread "C2 CompilerThread0" daemon [_thread_in_native, id=17992, stack(0x00000082a6a00000,0x00000082a6b00000)]


Current CompileTask:
C2:  49054 3051  s!   4       jdk.internal.loader.URLClassPath::getLoader (194 bytes)

Stack: [0x00000082a6a00000,0x00000082a6b00000]
Native frames: (J=compiled Java code, j=interpreted, Vv=VM code, C=native code)
V  [jvm.dll+0x683bfa]
V  [jvm.dll+0x8430a4]
V  [jvm.dll+0x8449be]
V  [jvm.dll+0x845023]
V  [jvm.dll+0x24ad2f]
V  [jvm.dll+0xac25c]
V  [jvm.dll+0xac82c]
V  [jvm.dll+0x36a187]
V  [jvm.dll+0x334821]
V  [jvm.dll+0x333cca]
V  [jvm.dll+0x21d251]
V  [jvm.dll+0x21c671]
V  [jvm.dll+0x1a605d]
V  [jvm.dll+0x22c148]
V  [jvm.dll+0x22a209]
V  [jvm.dll+0x7f858c]
V  [jvm.dll+0x7f2aea]
V  [jvm.dll+0x682a35]
C  [ucrtbase.dll+0x29363]
C  [KERNEL32.DLL+0x1257d]
C  [ntdll.dll+0x5aa58]


---------------  P R O C E S S  ---------------

Threads class SMR info:
_java_thread_list=0x0000020bc800d190, length=40, elements={
0x0000020ba79860e0, 0x0000020bc17d0480, 0x0000020bc17d17d0, 0x0000020bc1a4c100,
0x0000020bc1a4c9c0, 0x0000020bc1a4fe40, 0x0000020bc1a56b20, 0x0000020bc1a57eb0,
0x0000020bc1a58f50, 0x0000020bc1a67800, 0x0000020bc1be4010, 0x0000020bc1bec910,
0x0000020bc76006f0, 0x0000020bc70111e0, 0x0000020bc847e910, 0x0000020bc6c3b0d0,
0x0000020bc6cb7490, 0x0000020bc64dcf10, 0x0000020bc64da890, 0x0000020bc64da3c0,
0x0000020bc64dca40, 0x0000020bc64dbbd0, 0x0000020bc64dc0a0, 0x0000020bc64dc570,
0x0000020bc64dd3e0, 0x0000020bc64dd8b0, 0x0000020bc64ddd80, 0x0000020bc64dad60,
0x0000020bc64db230, 0x0000020bc64db700, 0x0000020bc70e3770, 0x0000020bc70e5450,
0x0000020bc70e8940, 0x0000020bc70e32a0, 0x0000020bc70e8e10, 0x0000020bc70e7ad0,
0x0000020bc70e92e0, 0x0000020bc70e5920, 0x0000020bc70e4f80, 0x0000020bc70e2900
}

Java Threads: ( => current thread )
  0x0000020ba79860e0 JavaThread "main" [_thread_blocked, id=14508, stack(0x00000082a5d00000,0x00000082a5e00000)]
  0x0000020bc17d0480 JavaThread "Reference Handler" daemon [_thread_blocked, id=23060, stack(0x00000082a6400000,0x00000082a6500000)]
  0x0000020bc17d17d0 JavaThread "Finalizer" daemon [_thread_blocked, id=24644, stack(0x00000082a6500000,0x00000082a6600000)]
  0x0000020bc1a4c100 JavaThread "Signal Dispatcher" daemon [_thread_blocked, id=21300, stack(0x00000082a6600000,0x00000082a6700000)]
  0x0000020bc1a4c9c0 JavaThread "Attach Listener" daemon [_thread_blocked, id=16568, stack(0x00000082a6700000,0x00000082a6800000)]
  0x0000020bc1a4fe40 JavaThread "Service Thread" daemon [_thread_blocked, id=8988, stack(0x00000082a6800000,0x00000082a6900000)]
  0x0000020bc1a56b20 JavaThread "Monitor Deflation Thread" daemon [_thread_blocked, id=17788, stack(0x00000082a6900000,0x00000082a6a00000)]
=>0x0000020bc1a57eb0 JavaThread "C2 CompilerThread0" daemon [_thread_in_native, id=17992, stack(0x00000082a6a00000,0x00000082a6b00000)]
  0x0000020bc1a58f50 JavaThread "C1 CompilerThread0" daemon [_thread_blocked, id=5360, stack(0x00000082a6b00000,0x00000082a6c00000)]
  0x0000020bc1a67800 JavaThread "Sweeper thread" daemon [_thread_blocked, id=25204, stack(0x00000082a6c00000,0x00000082a6d00000)]
  0x0000020bc1be4010 JavaThread "Common-Cleaner" daemon [_thread_blocked, id=28624, stack(0x00000082a6d00000,0x00000082a6e00000)]
  0x0000020bc1bec910 JavaThread "Notification Thread" daemon [_thread_blocked, id=12380, stack(0x00000082a6e00000,0x00000082a6f00000)]
  0x0000020bc76006f0 JavaThread "Daemon health stats" [_thread_blocked, id=5384, stack(0x00000082a7500000,0x00000082a7600000)]
  0x0000020bc70111e0 JavaThread "Incoming local TCP Connector on port 56195" [_thread_in_native, id=27644, stack(0x00000082a7400000,0x00000082a7500000)]
  0x0000020bc847e910 JavaThread "Daemon periodic checks" [_thread_blocked, id=28572, stack(0x00000082a7600000,0x00000082a7700000)]
  0x0000020bc6c3b0d0 JavaThread "Daemon" [_thread_blocked, id=10404, stack(0x00000082a7b00000,0x00000082a7c00000)]
  0x0000020bc6cb7490 JavaThread "Handler for socket connection from /127.0.0.1:56195 to /127.0.0.1:56196" [_thread_in_native, id=28284, stack(0x00000082a7c00000,0x00000082a7d00000)]
  0x0000020bc64dcf10 JavaThread "Cancel handler" [_thread_blocked, id=9636, stack(0x00000082a7700000,0x00000082a7800000)]
  0x0000020bc64da890 JavaThread "Daemon worker" [_thread_in_Java, id=25760, stack(0x00000082a7d00000,0x00000082a7e00000)]
  0x0000020bc64da3c0 JavaThread "Asynchronous log dispatcher for DefaultDaemonConnection: socket connection from /127.0.0.1:56195 to /127.0.0.1:56196" [_thread_blocked, id=21448, stack(0x00000082a7e00000,0x00000082a7f00000)]
  0x0000020bc64dca40 JavaThread "Stdin handler" [_thread_blocked, id=19264, stack(0x00000082a7f00000,0x00000082a8000000)]
  0x0000020bc64dbbd0 JavaThread "Daemon client event forwarder" [_thread_blocked, id=9468, stack(0x00000082a8000000,0x00000082a8100000)]
  0x0000020bc64dc0a0 JavaThread "Cache worker for journal cache (C:\Users\KarThik\.gradle\caches\journal-1)" [_thread_blocked, id=6672, stack(0x00000082a8200000,0x00000082a8300000)]
  0x0000020bc64dc570 JavaThread "File lock request listener" [_thread_in_native, id=2080, stack(0x00000082a8300000,0x00000082a8400000)]
  0x0000020bc64dd3e0 JavaThread "Cache worker for file hash cache (C:\Users\KarThik\.gradle\caches\7.4\fileHashes)" [_thread_blocked, id=26136, stack(0x00000082a8400000,0x00000082a8500000)]
  0x0000020bc64dd8b0 JavaThread "File watcher server" daemon [_thread_in_native, id=4160, stack(0x00000082a8500000,0x00000082a8600000)]
  0x0000020bc64ddd80 JavaThread "File watcher consumer" daemon [_thread_blocked, id=14972, stack(0x00000082a8600000,0x00000082a8700000)]
  0x0000020bc64dad60 JavaThread "jar transforms" [_thread_blocked, id=3144, stack(0x00000082a8700000,0x00000082a8800000)]
  0x0000020bc64db230 JavaThread "jar transforms Thread 2" [_thread_blocked, id=11920, stack(0x00000082a8800000,0x00000082a8900000)]
  0x0000020bc64db700 JavaThread "jar transforms Thread 3" [_thread_blocked, id=5044, stack(0x00000082a8900000,0x00000082a8a00000)]
  0x0000020bc70e3770 JavaThread "jar transforms Thread 4" [_thread_blocked, id=6316, stack(0x00000082a8a00000,0x00000082a8b00000)]
  0x0000020bc70e5450 JavaThread "jar transforms Thread 5" [_thread_blocked, id=2264, stack(0x00000082a8b00000,0x00000082a8c00000)]
  0x0000020bc70e8940 JavaThread "jar transforms Thread 6" [_thread_blocked, id=6796, stack(0x00000082a8c00000,0x00000082a8d00000)]
  0x0000020bc70e32a0 JavaThread "jar transforms Thread 7" [_thread_blocked, id=24264, stack(0x00000082a8d00000,0x00000082a8e00000)]
  0x0000020bc70e8e10 JavaThread "jar transforms Thread 8" [_thread_blocked, id=20544, stack(0x00000082a8e00000,0x00000082a8f00000)]
  0x0000020bc70e7ad0 JavaThread "Cache worker for checksums cache (D:\WFH_2\Kotlin Projects\Help Desk\.gradle\7.4\checksums)" [_thread_blocked, id=25884, stack(0x00000082a8f00000,0x00000082a9000000)]
  0x0000020bc70e92e0 JavaThread "Cache worker for cache directory md-rule (C:\Users\KarThik\.gradle\caches\7.4\md-rule)" [_thread_blocked, id=25840, stack(0x00000082a9000000,0x00000082a9100000)]
  0x0000020bc70e5920 JavaThread "Cache worker for file hash cache (D:\WFH_2\Kotlin Projects\Help Desk\.gradle\7.4\fileHashes)" [_thread_blocked, id=24156, stack(0x00000082a9100000,0x00000082a9200000)]
  0x0000020bc70e4f80 JavaThread "Cache worker for cache directory md-supplier (C:\Users\KarThik\.gradle\caches\7.4\md-supplier)" [_thread_blocked, id=28540, stack(0x00000082a9200000,0x00000082a9300000)]
  0x0000020bc70e2900 JavaThread "Cache worker for execution history cache (C:\Users\KarThik\.gradle\caches\7.4\executionHistory)" [_thread_blocked, id=25572, stack(0x00000082a9300000,0x00000082a9400000)]

Other Threads:
  0x0000020bc17738f0 VMThread "VM Thread" [stack: 0x00000082a6300000,0x00000082a6400000] [id=21748]
  0x0000020bc1beedf0 WatcherThread [stack: 0x00000082a6f00000,0x00000082a7000000] [id=21356]
  0x0000020ba79e36e0 GCTaskThread "GC Thread#0" [stack: 0x00000082a5e00000,0x00000082a5f00000] [id=12368]
  0x0000020bc6bc99a0 GCTaskThread "GC Thread#1" [stack: 0x00000082a7000000,0x00000082a7100000] [id=27788]
  0x0000020bc1dbf640 GCTaskThread "GC Thread#2" [stack: 0x00000082a7100000,0x00000082a7200000] [id=11668]
  0x0000020bc1c6f390 GCTaskThread "GC Thread#3" [stack: 0x00000082a7200000,0x00000082a7300000] [id=27300]
  0x0000020bc65fdd20 GCTaskThread "GC Thread#4" [stack: 0x00000082a7300000,0x00000082a7400000] [id=27972]
  0x0000020bc7f65960 GCTaskThread "GC Thread#5" [stack: 0x00000082a7800000,0x00000082a7900000] [id=25712]
  0x0000020bc7d15e20 GCTaskThread "GC Thread#6" [stack: 0x00000082a7900000,0x00000082a7a00000] [id=1576]
  0x0000020bc7975440 GCTaskThread "GC Thread#7" [stack: 0x00000082a7a00000,0x00000082a7b00000] [id=27252]
  0x0000020ba79f44c0 ConcurrentGCThread "G1 Main Marker" [stack: 0x00000082a5f00000,0x00000082a6000000] [id=28328]
  0x0000020ba79f5510 ConcurrentGCThread "G1 Conc#0" [stack: 0x00000082a6000000,0x00000082a6100000] [id=23784]
  0x0000020bc1c33bf0 ConcurrentGCThread "G1 Conc#1" [stack: 0x00000082a8100000,0x00000082a8200000] [id=27444]
  0x0000020ba7a3e380 ConcurrentGCThread "G1 Refine#0" [stack: 0x00000082a6100000,0x00000082a6200000] [id=7776]
  0x0000020bc16264c0 ConcurrentGCThread "G1 Service" [stack: 0x00000082a6200000,0x00000082a6300000] [id=28368]

Threads with active compile tasks:
C2 CompilerThread0    49630 3051  s!   4       jdk.internal.loader.URLClassPath::getLoader (194 bytes)
C1 CompilerThread0    49630 3260       2       java.util.Spliterators$ArraySpliterator::forEachRemaining (68 bytes)

VM state: not at safepoint (normal execution)

VM Mutex/Monitor currently owned by a thread: None

Heap address: 0x0000000080000000, size: 2048 MB, Compressed Oops mode: 32-bit

CDS archive(s) not mapped
Compressed class space mapped at: 0x0000000100000000-0x0000000140000000, reserved size: 1073741824
Narrow klass base: 0x0000000000000000, Narrow klass shift: 3, Narrow klass range: 0x140000000

GC Precious Log:
 CPUs: 8 total, 8 available
 Memory: 3974M
 Large Page Support: Disabled
 NUMA Support: Disabled
 Compressed Oops: Enabled (32-bit)
 Heap Region Size: 1M
 Heap Min Capacity: 8M
 Heap Initial Capacity: 64M
 Heap Max Capacity: 2G
 Pre-touch: Disabled
 Parallel Workers: 8
 Concurrent Workers: 2
 Concurrent Refinement Workers: 8
 Periodic GC: Disabled

Heap:
 garbage-first heap   total 81920K, used 61649K [0x0000000080000000, 0x0000000100000000)
  region size 1024K, 17 young (17408K), 2 survivors (2048K)
 Metaspace       used 38436K, committed 38720K, reserved 1114112K
  class space    used 5169K, committed 5312K, reserved 1048576K

Heap Regions: E=young(eden), S=young(survivor), O=old, HS=humongous(starts), HC=humongous(continues), CS=collection set, F=free, OA=open archive, CA=closed archive, TAMS=top-at-mark-start (previous, next)
|   0|0x0000000080000000, 0x0000000080100000, 0x0000000080100000|100%| O|  |TAMS 0x0000000080100000, 0x0000000080000000| Untracked 
|   1|0x0000000080100000, 0x0000000080200000, 0x0000000080200000|100%| O|  |TAMS 0x0000000080200000, 0x0000000080100000| Untracked 
|   2|0x0000000080200000, 0x0000000080300000, 0x0000000080300000|100%| O|  |TAMS 0x0000000080300000, 0x0000000080200000| Untracked 
|   3|0x0000000080300000, 0x0000000080400000, 0x0000000080400000|100%|HS|  |TAMS 0x0000000080400000, 0x0000000080300000| Complete 
|   4|0x0000000080400000, 0x0000000080500000, 0x0000000080500000|100%|HC|  |TAMS 0x0000000080500000, 0x0000000080400000| Complete 
|   5|0x0000000080500000, 0x0000000080600000, 0x0000000080600000|100%|HC|  |TAMS 0x0000000080600000, 0x0000000080500000| Complete 
|   6|0x0000000080600000, 0x0000000080700000, 0x0000000080700000|100%| O|  |TAMS 0x0000000080700000, 0x0000000080600000| Untracked 
|   7|0x0000000080700000, 0x0000000080800000, 0x0000000080800000|100%| O|  |TAMS 0x0000000080800000, 0x0000000080700000| Untracked 
|   8|0x0000000080800000, 0x0000000080900000, 0x0000000080900000|100%| O|  |TAMS 0x0000000080900000, 0x0000000080800000| Untracked 
|   9|0x0000000080900000, 0x0000000080a00000, 0x0000000080a00000|100%| O|  |TAMS 0x0000000080a00000, 0x0000000080900000| Untracked 
|  10|0x0000000080a00000, 0x0000000080b00000, 0x0000000080b00000|100%| O|  |TAMS 0x0000000080b00000, 0x0000000080a00000| Untracked 
|  11|0x0000000080b00000, 0x0000000080c00000, 0x0000000080c00000|100%| O|  |TAMS 0x0000000080c00000, 0x0000000080b00000| Untracked 
|  12|0x0000000080c00000, 0x0000000080d00000, 0x0000000080d00000|100%| O|  |TAMS 0x0000000080d00000, 0x0000000080c00000| Untracked 
|  13|0x0000000080d00000, 0x0000000080e00000, 0x0000000080e00000|100%| O|  |TAMS 0x0000000080e00000, 0x0000000080d00000| Untracked 
|  14|0x0000000080e00000, 0x0000000080f00000, 0x0000000080f00000|100%| O|  |TAMS 0x0000000080f00000, 0x0000000080e00000| Untracked 
|  15|0x0000000080f00000, 0x0000000081000000, 0x0000000081000000|100%| O|  |TAMS 0x0000000081000000, 0x0000000080f00000| Untracked 
|  16|0x0000000081000000, 0x0000000081100000, 0x0000000081100000|100%| O|  |TAMS 0x0000000081100000, 0x0000000081000000| Untracked 
|  17|0x0000000081100000, 0x0000000081200000, 0x0000000081200000|100%|HS|  |TAMS 0x0000000081200000, 0x0000000081100000| Complete 
|  18|0x0000000081200000, 0x0000000081300000, 0x0000000081300000|100%|HC|  |TAMS 0x0000000081300000, 0x0000000081200000| Complete 
|  19|0x0000000081300000, 0x0000000081400000, 0x0000000081400000|100%|HS|  |TAMS 0x0000000081400000, 0x0000000081300000| Complete 
|  20|0x0000000081400000, 0x0000000081500000, 0x0000000081500000|100%|HC|  |TAMS 0x0000000081500000, 0x0000000081400000| Complete 
|  21|0x0000000081500000, 0x0000000081600000, 0x0000000081600000|100%|HC|  |TAMS 0x0000000081600000, 0x0000000081500000| Complete 
|  22|0x0000000081600000, 0x0000000081700000, 0x0000000081700000|100%|HS|  |TAMS 0x0000000081700000, 0x0000000081600000| Complete 
|  23|0x0000000081700000, 0x0000000081800000, 0x0000000081800000|100%|HC|  |TAMS 0x0000000081800000, 0x0000000081700000| Complete 
|  24|0x0000000081800000, 0x0000000081900000, 0x0000000081900000|100%| O|  |TAMS 0x0000000081900000, 0x0000000081800000| Untracked 
|  25|0x0000000081900000, 0x0000000081a00000, 0x0000000081a00000|100%| O|  |TAMS 0x0000000081a00000, 0x0000000081900000| Untracked 
|  26|0x0000000081a00000, 0x0000000081b00000, 0x0000000081b00000|100%| O|  |TAMS 0x0000000081b00000, 0x0000000081a00000| Untracked 
|  27|0x0000000081b00000, 0x0000000081c00000, 0x0000000081c00000|100%| O|  |TAMS 0x0000000081c00000, 0x0000000081b00000| Untracked 
|  28|0x0000000081c00000, 0x0000000081d00000, 0x0000000081d00000|100%| O|  |TAMS 0x0000000081d00000, 0x0000000081c00000| Untracked 
|  29|0x0000000081d00000, 0x0000000081e00000, 0x0000000081e00000|100%| O|  |TAMS 0x0000000081dd1e00, 0x0000000081d00000| Untracked 
|  30|0x0000000081e00000, 0x0000000081f00000, 0x0000000081f00000|100%|HS|  |TAMS 0x0000000081f00000, 0x0000000081e00000| Complete 
|  31|0x0000000081f00000, 0x0000000082000000, 0x0000000082000000|100%|HC|  |TAMS 0x0000000082000000, 0x0000000081f00000| Complete 
|  32|0x0000000082000000, 0x0000000082100000, 0x0000000082100000|100%| O|  |TAMS 0x0000000082000000, 0x0000000082000000| Untracked 
|  33|0x0000000082100000, 0x00000000821f6000, 0x0000000082200000| 96%| O|  |TAMS 0x0000000082100000, 0x0000000082100000| Untracked 
|  34|0x0000000082200000, 0x0000000082200000, 0x0000000082300000|  0%| F|  |TAMS 0x0000000082200000, 0x0000000082200000| Untracked 
|  35|0x0000000082300000, 0x0000000082300000, 0x0000000082400000|  0%| F|  |TAMS 0x0000000082300000, 0x0000000082300000| Untracked 
|  36|0x0000000082400000, 0x0000000082400000, 0x0000000082500000|  0%| F|  |TAMS 0x0000000082400000, 0x0000000082400000| Untracked 
|  37|0x0000000082500000, 0x0000000082500000, 0x0000000082600000|  0%| F|  |TAMS 0x0000000082500000, 0x0000000082500000| Untracked 
|  38|0x0000000082600000, 0x0000000082600000, 0x0000000082700000|  0%| F|  |TAMS 0x0000000082600000, 0x0000000082600000| Untracked 
|  39|0x0000000082700000, 0x0000000082700000, 0x0000000082800000|  0%| F|  |TAMS 0x0000000082700000, 0x0000000082700000| Untracked 
|  40|0x0000000082800000, 0x0000000082800000, 0x0000000082900000|  0%| F|  |TAMS 0x0000000082800000, 0x0000000082800000| Untracked 
|  41|0x0000000082900000, 0x0000000082900000, 0x0000000082a00000|  0%| F|  |TAMS 0x0000000082900000, 0x0000000082900000| Untracked 
|  42|0x0000000082a00000, 0x0000000082b00000, 0x0000000082b00000|100%|HS|  |TAMS 0x0000000082b00000, 0x0000000082a00000| Complete 
|  43|0x0000000082b00000, 0x0000000082c00000, 0x0000000082c00000|100%|HC|  |TAMS 0x0000000082c00000, 0x0000000082b00000| Complete 
|  44|0x0000000082c00000, 0x0000000082d00000, 0x0000000082d00000|100%|HC|  |TAMS 0x0000000082d00000, 0x0000000082c00000| Complete 
|  45|0x0000000082d00000, 0x0000000082e00000, 0x0000000082e00000|100%|HC|  |TAMS 0x0000000082e00000, 0x0000000082d00000| Complete 
|  46|0x0000000082e00000, 0x0000000082f00000, 0x0000000082f00000|100%|HC|  |TAMS 0x0000000082f00000, 0x0000000082e00000| Complete 
|  47|0x0000000082f00000, 0x0000000083000000, 0x0000000083000000|100%|HC|  |TAMS 0x0000000083000000, 0x0000000082f00000| Complete 
|  48|0x0000000083000000, 0x0000000083100000, 0x0000000083100000|100%|HC|  |TAMS 0x0000000083100000, 0x0000000083000000| Complete 
|  49|0x0000000083100000, 0x0000000083200000, 0x0000000083200000|100%|HC|  |TAMS 0x0000000083200000, 0x0000000083100000| Complete 
|  50|0x0000000083200000, 0x0000000083300000, 0x0000000083300000|100%|HC|  |TAMS 0x0000000083300000, 0x0000000083200000| Complete 
|  51|0x0000000083300000, 0x0000000083400000, 0x0000000083400000|100%|HC|  |TAMS 0x0000000083400000, 0x0000000083300000| Complete 
|  52|0x0000000083400000, 0x0000000083500000, 0x0000000083500000|100%|HC|  |TAMS 0x0000000083500000, 0x0000000083400000| Complete 
|  53|0x0000000083500000, 0x0000000083600000, 0x0000000083600000|100%|HC|  |TAMS 0x0000000083600000, 0x0000000083500000| Complete 
|  54|0x0000000083600000, 0x0000000083600000, 0x0000000083700000|  0%| F|  |TAMS 0x0000000083600000, 0x0000000083600000| Untracked 
|  55|0x0000000083700000, 0x0000000083700000, 0x0000000083800000|  0%| F|  |TAMS 0x0000000083700000, 0x0000000083700000| Untracked 
|  56|0x0000000083800000, 0x0000000083800000, 0x0000000083900000|  0%| F|  |TAMS 0x0000000083800000, 0x0000000083800000| Untracked 
|  57|0x0000000083900000, 0x0000000083900000, 0x0000000083a00000|  0%| F|  |TAMS 0x0000000083900000, 0x0000000083900000| Untracked 
|  58|0x0000000083a00000, 0x0000000083a00000, 0x0000000083b00000|  0%| F|  |TAMS 0x0000000083a00000, 0x0000000083a00000| Untracked 
|  59|0x0000000083b00000, 0x0000000083b00000, 0x0000000083c00000|  0%| F|  |TAMS 0x0000000083b00000, 0x0000000083b00000| Untracked 
|  60|0x0000000083c00000, 0x0000000083c00000, 0x0000000083d00000|  0%| F|  |TAMS 0x0000000083c00000, 0x0000000083c00000| Untracked 
|  61|0x0000000083d00000, 0x0000000083d00000, 0x0000000083e00000|  0%| F|  |TAMS 0x0000000083d00000, 0x0000000083d00000| Untracked 
|  62|0x0000000083e00000, 0x0000000083e00000, 0x0000000083f00000|  0%| F|  |TAMS 0x0000000083e00000, 0x0000000083e00000| Untracked 
|  63|0x0000000083f00000, 0x0000000083ff4c10, 0x0000000084000000| 95%| E|  |TAMS 0x0000000083f00000, 0x0000000083f00000| Complete 
|  64|0x0000000084000000, 0x000000008403e480, 0x0000000084100000| 24%| S|CS|TAMS 0x0000000084000000, 0x0000000084000000| Complete 
|  65|0x0000000084100000, 0x0000000084200000, 0x0000000084200000|100%| S|CS|TAMS 0x0000000084100000, 0x0000000084100000| Complete 
|  66|0x0000000084200000, 0x0000000084300000, 0x0000000084300000|100%| E|CS|TAMS 0x0000000084200000, 0x0000000084200000| Complete 
|  67|0x0000000084300000, 0x0000000084400000, 0x0000000084400000|100%| E|CS|TAMS 0x0000000084300000, 0x0000000084300000| Complete 
|  68|0x0000000084400000, 0x0000000084500000, 0x0000000084500000|100%| E|CS|TAMS 0x0000000084400000, 0x0000000084400000| Complete 
|  69|0x0000000084500000, 0x0000000084600000, 0x0000000084600000|100%| E|CS|TAMS 0x0000000084500000, 0x0000000084500000| Complete 
|  70|0x0000000084600000, 0x0000000084700000, 0x0000000084700000|100%| E|CS|TAMS 0x0000000084600000, 0x0000000084600000| Complete 
|  71|0x0000000084700000, 0x0000000084800000, 0x0000000084800000|100%| E|CS|TAMS 0x0000000084700000, 0x0000000084700000| Complete 
|  72|0x0000000084800000, 0x0000000084900000, 0x0000000084900000|100%| E|CS|TAMS 0x0000000084800000, 0x0000000084800000| Complete 
|  73|0x0000000084900000, 0x0000000084a00000, 0x0000000084a00000|100%| E|CS|TAMS 0x0000000084900000, 0x0000000084900000| Complete 
|  74|0x0000000084a00000, 0x0000000084b00000, 0x0000000084b00000|100%| E|CS|TAMS 0x0000000084a00000, 0x0000000084a00000| Complete 
|  75|0x0000000084b00000, 0x0000000084c00000, 0x0000000084c00000|100%| E|  |TAMS 0x0000000084b00000, 0x0000000084b00000| Complete 
|  76|0x0000000084c00000, 0x0000000084d00000, 0x0000000084d00000|100%| E|CS|TAMS 0x0000000084c00000, 0x0000000084c00000| Complete 
|  77|0x0000000084d00000, 0x0000000084e00000, 0x0000000084e00000|100%| E|CS|TAMS 0x0000000084d00000, 0x0000000084d00000| Complete 
|  78|0x0000000084e00000, 0x0000000084f00000, 0x0000000084f00000|100%| E|CS|TAMS 0x0000000084e00000, 0x0000000084e00000| Complete 
|  79|0x0000000084f00000, 0x0000000085000000, 0x0000000085000000|100%| E|CS|TAMS 0x0000000084f00000, 0x0000000084f00000| Complete 

Card table byte_map: [0x0000020bba580000,0x0000020bba980000] _byte_map_base: 0x0000020bba180000

Marking Bits (Prev, Next): (CMBitMap*) 0x0000020ba79e3bd0, (CMBitMap*) 0x0000020ba79e3b90
 Prev Bits: [0x0000020bbcd80000, 0x0000020bbed80000)
 Next Bits: [0x0000020bbad80000, 0x0000020bbcd80000)

Polling page: 0x0000020ba7140000

Metaspace:

Usage:
  Non-class:     32.50 MB used.
      Class:      5.05 MB used.
       Both:     37.55 MB used.

Virtual space:
  Non-class space:       64.00 MB reserved,      32.69 MB ( 51%) committed,  1 nodes.
      Class space:        1.00 GB reserved,       5.19 MB ( <1%) committed,  1 nodes.
             Both:        1.06 GB reserved,      37.88 MB (  3%) committed. 

Chunk freelists:
   Non-Class:  14.98 MB
       Class:  10.64 MB
        Both:  25.62 MB

MaxMetaspaceSize: unlimited
CompressedClassSpaceSize: 1.00 GB
Initial GC threshold: 21.00 MB
Current GC threshold: 52.00 MB
CDS: off
MetaspaceReclaimPolicy: balanced
 - commit_granule_bytes: 65536.
 - commit_granule_words: 8192.
 - virtual_space_node_default_size: 8388608.
 - enlarge_chunks_in_place: 1.
 - new_chunks_are_fully_committed: 0.
 - uncommit_free_chunks: 1.
 - use_allocation_guard: 0.
 - handle_deallocations: 1.


Internal statistics:

num_allocs_failed_limit: 3.
num_arena_births: 334.
num_arena_deaths: 0.
num_vsnodes_births: 2.
num_vsnodes_deaths: 0.
num_space_committed: 606.
num_space_uncommitted: 0.
num_chunks_returned_to_freelist: 3.
num_chunks_taken_from_freelist: 1416.
num_chunk_merges: 3.
num_chunk_splits: 911.
num_chunks_enlarged: 625.
num_inconsistent_stats: 0.

CodeHeap 'non-profiled nmethods': size=120000Kb used=1689Kb max_used=1689Kb free=118310Kb
 bounds [0x0000020bb2920000, 0x0000020bb2b90000, 0x0000020bb9e50000]
CodeHeap 'profiled nmethods': size=120000Kb used=6700Kb max_used=6700Kb free=113299Kb
 bounds [0x0000020baae50000, 0x0000020bab4e0000, 0x0000020bb2380000]
CodeHeap 'non-nmethods': size=5760Kb used=1236Kb max_used=1291Kb free=4523Kb
 bounds [0x0000020bb2380000, 0x0000020bb25f0000, 0x0000020bb2920000]
 total_blobs=3766 nmethods=3218 adapters=460
 compilation: enabled
              stopped_count=0, restarted_count=0
 full_count=0

Compilation events (20 events):
Event: 48.712 Thread 0x0000020bc1a58f50 3157       3       java.lang.PublicMethods$MethodList::filter (104 bytes)
Event: 48.714 Thread 0x0000020bc1a58f50 nmethod 3157 0x0000020bab4a7890 code [0x0000020bab4a7ac0, 0x0000020bab4a8518]
Event: 48.714 Thread 0x0000020bc1a58f50 3159       3       org.codehaus.groovy.util.ManagedReference::<init> (14 bytes)
Event: 48.715 Thread 0x0000020bc1a58f50 nmethod 3159 0x0000020bab4a8a10 code [0x0000020bab4a8bc0, 0x0000020bab4a8d68]
Event: 48.715 Thread 0x0000020bc1a58f50 3158       3       org.codehaus.groovy.util.ManagedReference::<init> (40 bytes)
Event: 48.715 Thread 0x0000020bc1a58f50 nmethod 3158 0x0000020bab4a8e90 code [0x0000020bab4a9060, 0x0000020bab4a9518]
Event: 48.717 Thread 0x0000020bc1a58f50 3160       3       java.util.concurrent.atomic.AtomicInteger::<init> (5 bytes)
Event: 48.717 Thread 0x0000020bc1a58f50 nmethod 3160 0x0000020bab4a9690 code [0x0000020bab4a9840, 0x0000020bab4a99f8]
Event: 48.717 Thread 0x0000020bc1a58f50 3161       3       org.codehaus.groovy.util.LockableObject::lock (25 bytes)
Event: 48.719 Thread 0x0000020bc1a58f50 nmethod 3161 0x0000020bab4a9b10 code [0x0000020bab4a9cc0, 0x0000020bab4a9f38]
Event: 48.719 Thread 0x0000020bc1a58f50 3162       3       org.codehaus.groovy.util.LockableObject::unlock (7 bytes)
Event: 48.719 Thread 0x0000020bc1a58f50 nmethod 3162 0x0000020bab4aa010 code [0x0000020bab4aa1c0, 0x0000020bab4aa478]
Event: 48.734 Thread 0x0000020bc1a58f50 3163       3       java.lang.ClassValue$Entry::isPromise (14 bytes)
Event: 48.735 Thread 0x0000020bc1a58f50 nmethod 3163 0x0000020bab4aa590 code [0x0000020bab4aa720, 0x0000020bab4aa898]
Event: 48.735 Thread 0x0000020bc1a58f50 3164       3       org.codehaus.groovy.reflection.CachedClass::getInterfaces (11 bytes)
Event: 48.735 Thread 0x0000020bc1a58f50 nmethod 3164 0x0000020bab4aa910 code [0x0000020bab4aaac0, 0x0000020bab4aad88]
Event: 48.736 Thread 0x0000020bc1a58f50 3165       3       org.codehaus.groovy.util.ReferenceType$1::createReference (11 bytes)
Event: 48.737 Thread 0x0000020bc1a58f50 nmethod 3165 0x0000020bab4aae90 code [0x0000020bab4ab060, 0x0000020bab4ab4d8]
Event: 48.737 Thread 0x0000020bc1a58f50 3166       3       org.codehaus.groovy.util.ReferenceType$SoftRef::<init> (12 bytes)
Event: 48.738 Thread 0x0000020bc1a58f50 nmethod 3166 0x0000020bab4ab690 code [0x0000020bab4ab840, 0x0000020bab4abbf8]

GC Heap History (20 events):
Event: 17.071 GC heap before
{Heap before GC invocations=0 (full 0):
 garbage-first heap   total 65536K, used 28672K [0x0000000080000000, 0x0000000100000000)
  region size 1024K, 23 young (23552K), 0 survivors (0K)
 Metaspace       used 10241K, committed 10432K, reserved 1114112K
  class space    used 1061K, committed 1152K, reserved 1048576K
}
Event: 17.079 GC heap after
{Heap after GC invocations=1 (full 0):
 garbage-first heap   total 65536K, used 8984K [0x0000000080000000, 0x0000000100000000)
  region size 1024K, 3 young (3072K), 3 survivors (3072K)
 Metaspace       used 10241K, committed 10432K, reserved 1114112K
  class space    used 1061K, committed 1152K, reserved 1048576K
}
Event: 25.472 GC heap before
{Heap before GC invocations=1 (full 0):
 garbage-first heap   total 65536K, used 31512K [0x0000000080000000, 0x0000000100000000)
  region size 1024K, 26 young (26624K), 3 survivors (3072K)
 Metaspace       used 11144K, committed 11328K, reserved 1114112K
  class space    used 1164K, committed 1280K, reserved 1048576K
}
Event: 25.477 GC heap after
{Heap after GC invocations=2 (full 0):
 garbage-first heap   total 65536K, used 10307K [0x0000000080000000, 0x0000000100000000)
  region size 1024K, 2 young (2048K), 2 survivors (2048K)
 Metaspace       used 11144K, committed 11328K, reserved 1114112K
  class space    used 1164K, committed 1280K, reserved 1048576K
}
Event: 39.038 GC heap before
{Heap before GC invocations=2 (full 0):
 garbage-first heap   total 65536K, used 35907K [0x0000000080000000, 0x0000000100000000)
  region size 1024K, 27 young (27648K), 2 survivors (2048K)
 Metaspace       used 17549K, committed 17856K, reserved 1114112K
  class space    used 2017K, committed 2176K, reserved 1048576K
}
Event: 39.047 GC heap after
{Heap after GC invocations=3 (full 0):
 garbage-first heap   total 65536K, used 16519K [0x0000000080000000, 0x0000000100000000)
  region size 1024K, 4 young (4096K), 4 survivors (4096K)
 Metaspace       used 17549K, committed 17856K, reserved 1114112K
  class space    used 2017K, committed 2176K, reserved 1048576K
}
Event: 40.240 GC heap before
{Heap before GC invocations=3 (full 0):
 garbage-first heap   total 65536K, used 33927K [0x0000000080000000, 0x0000000100000000)
  region size 1024K, 22 young (22528K), 4 survivors (4096K)
 Metaspace       used 21290K, committed 21504K, reserved 1114112K
  class space    used 2636K, committed 2752K, reserved 1048576K
}
Event: 40.244 GC heap after
{Heap after GC invocations=4 (full 0):
 garbage-first heap   total 65536K, used 17754K [0x0000000080000000, 0x0000000100000000)
  region size 1024K, 2 young (2048K), 2 survivors (2048K)
 Metaspace       used 21290K, committed 21504K, reserved 1114112K
  class space    used 2636K, committed 2752K, reserved 1048576K
}
Event: 41.850 GC heap before
{Heap before GC invocations=5 (full 0):
 garbage-first heap   total 65536K, used 41306K [0x0000000080000000, 0x0000000100000000)
  region size 1024K, 25 young (25600K), 2 survivors (2048K)
 Metaspace       used 25470K, committed 25664K, reserved 1114112K
  class space    used 3304K, committed 3392K, reserved 1048576K
}
Event: 41.858 GC heap after
{Heap after GC invocations=6 (full 0):
 garbage-first heap   total 65536K, used 19158K [0x0000000080000000, 0x0000000100000000)
  region size 1024K, 3 young (3072K), 3 survivors (3072K)
 Metaspace       used 25470K, committed 25664K, reserved 1114112K
  class space    used 3304K, committed 3392K, reserved 1048576K
}
Event: 43.973 GC heap before
{Heap before GC invocations=6 (full 0):
 garbage-first heap   total 65536K, used 46806K [0x0000000080000000, 0x0000000100000000)
  region size 1024K, 25 young (25600K), 3 survivors (3072K)
 Metaspace       used 28557K, committed 28864K, reserved 1114112K
  class space    used 3842K, committed 3968K, reserved 1048576K
}
Event: 43.983 GC heap after
{Heap after GC invocations=7 (full 0):
 garbage-first heap   total 65536K, used 30911K [0x0000000080000000, 0x0000000100000000)
  region size 1024K, 4 young (4096K), 4 survivors (4096K)
 Metaspace       used 28557K, committed 28864K, reserved 1114112K
  class space    used 3842K, committed 3968K, reserved 1048576K
}
Event: 44.005 GC heap before
{Heap before GC invocations=7 (full 0):
 garbage-first heap   total 65536K, used 43199K [0x0000000080000000, 0x0000000100000000)
  region size 1024K, 5 young (5120K), 4 survivors (4096K)
 Metaspace       used 28558K, committed 28864K, reserved 1114112K
  class space    used 3842K, committed 3968K, reserved 1048576K
}
Event: 44.010 GC heap after
{Heap after GC invocations=8 (full 0):
 garbage-first heap   total 65536K, used 42844K [0x0000000080000000, 0x0000000100000000)
  region size 1024K, 1 young (1024K), 1 survivors (1024K)
 Metaspace       used 28558K, committed 28864K, reserved 1114112K
  class space    used 3842K, committed 3968K, reserved 1048576K
}
Event: 46.360 GC heap before
{Heap before GC invocations=9 (full 0):
 garbage-first heap   total 78848K, used 53084K [0x0000000080000000, 0x0000000100000000)
  region size 1024K, 10 young (10240K), 1 survivors (1024K)
 Metaspace       used 29683K, committed 30016K, reserved 1114112K
  class space    used 4008K, committed 4160K, reserved 1048576K
}
Event: 46.363 GC heap after
{Heap after GC invocations=10 (full 0):
 garbage-first heap   total 78848K, used 46900K [0x0000000080000000, 0x0000000100000000)
  region size 1024K, 2 young (2048K), 2 survivors (2048K)
 Metaspace       used 29683K, committed 30016K, reserved 1114112K
  class space    used 4008K, committed 4160K, reserved 1048576K
}
Event: 46.875 GC heap before
{Heap before GC invocations=10 (full 0):
 garbage-first heap   total 78848K, used 60212K [0x0000000080000000, 0x0000000100000000)
  region size 1024K, 16 young (16384K), 2 survivors (2048K)
 Metaspace       used 31589K, committed 31936K, reserved 1114112K
  class space    used 4318K, committed 4480K, reserved 1048576K
}
Event: 46.878 GC heap after
{Heap after GC invocations=11 (full 0):
 garbage-first heap   total 78848K, used 47719K [0x0000000080000000, 0x0000000100000000)
  region size 1024K, 1 young (1024K), 1 survivors (1024K)
 Metaspace       used 31589K, committed 31936K, reserved 1114112K
  class space    used 4318K, committed 4480K, reserved 1048576K
}
Event: 47.631 GC heap before
{Heap before GC invocations=12 (full 0):
 garbage-first heap   total 81920K, used 62055K [0x0000000080000000, 0x0000000100000000)
  region size 1024K, 15 young (15360K), 1 survivors (1024K)
 Metaspace       used 33554K, committed 33856K, reserved 1114112K
  class space    used 4650K, committed 4800K, reserved 1048576K
}
Event: 47.636 GC heap after
{Heap after GC invocations=13 (full 0):
 garbage-first heap   total 81920K, used 48337K [0x0000000080000000, 0x0000000100000000)
  region size 1024K, 2 young (2048K), 2 survivors (2048K)
 Metaspace       used 33554K, committed 33856K, reserved 1114112K
  class space    used 4650K, committed 4800K, reserved 1048576K
}

Dll operation events (2 events):
Event: 0.121 Loaded shared library C:\Program Files\Android\Android Studio\jbr\bin\java.dll
Event: 8.199 Loaded shared library C:\Program Files\Android\Android Studio\jbr\bin\verify.dll

Deoptimization events (20 events):
Event: 47.933 Thread 0x0000020bc64da890 Uncommon trap: trap_request=0xffffff45 fr.pc=0x0000020bb2a92294 relative=0x0000000000000754
Event: 47.933 Thread 0x0000020bc64da890 Uncommon trap: reason=unstable_if action=reinterpret pc=0x0000020bb2a92294 method=java.lang.Class.getPackageName()Ljava/lang/String; @ 55 c2
Event: 47.933 Thread 0x0000020bc64da890 DEOPT PACKING pc=0x0000020bb2a92294 sp=0x00000082a7df9cf0
Event: 47.933 Thread 0x0000020bc64da890 DEOPT UNPACKING pc=0x0000020bb23d69a3 sp=0x00000082a7df9cb0 mode 2
Event: 48.285 Thread 0x0000020bc64da890 Uncommon trap: trap_request=0xffffffc6 fr.pc=0x0000020bb2a60bc0 relative=0x0000000000000920
Event: 48.285 Thread 0x0000020bc64da890 Uncommon trap: reason=bimorphic_or_optimized_type_check action=maybe_recompile pc=0x0000020bb2a60bc0 method=java.io.BufferedInputStream.read([BII)I @ 101 c2
Event: 48.285 Thread 0x0000020bc64da890 DEOPT PACKING pc=0x0000020bb2a60bc0 sp=0x00000082a7df79d0
Event: 48.285 Thread 0x0000020bc64da890 DEOPT UNPACKING pc=0x0000020bb23d69a3 sp=0x00000082a7df7988 mode 2
Event: 48.287 Thread 0x0000020bc64da890 Uncommon trap: trap_request=0xffffffc6 fr.pc=0x0000020bb2a60bc0 relative=0x0000000000000920
Event: 48.287 Thread 0x0000020bc64da890 Uncommon trap: reason=bimorphic_or_optimized_type_check action=maybe_recompile pc=0x0000020bb2a60bc0 method=java.io.BufferedInputStream.read([BII)I @ 101 c2
Event: 48.287 Thread 0x0000020bc64da890 DEOPT PACKING pc=0x0000020bb2a60bc0 sp=0x00000082a7df79d0
Event: 48.287 Thread 0x0000020bc64da890 DEOPT UNPACKING pc=0x0000020bb23d69a3 sp=0x00000082a7df7988 mode 2
Event: 48.288 Thread 0x0000020bc64da890 Uncommon trap: trap_request=0xffffffc6 fr.pc=0x0000020bb2a60bc0 relative=0x0000000000000920
Event: 48.288 Thread 0x0000020bc64da890 Uncommon trap: reason=bimorphic_or_optimized_type_check action=maybe_recompile pc=0x0000020bb2a60bc0 method=java.io.BufferedInputStream.read([BII)I @ 101 c2
Event: 48.288 Thread 0x0000020bc64da890 DEOPT PACKING pc=0x0000020bb2a60bc0 sp=0x00000082a7df79d0
Event: 48.288 Thread 0x0000020bc64da890 DEOPT UNPACKING pc=0x0000020bb23d69a3 sp=0x00000082a7df7988 mode 2
Event: 48.292 Thread 0x0000020bc64da890 Uncommon trap: trap_request=0xffffffc6 fr.pc=0x0000020bb2a60bc0 relative=0x0000000000000920
Event: 48.292 Thread 0x0000020bc64da890 Uncommon trap: reason=bimorphic_or_optimized_type_check action=maybe_recompile pc=0x0000020bb2a60bc0 method=java.io.BufferedInputStream.read([BII)I @ 101 c2
Event: 48.292 Thread 0x0000020bc64da890 DEOPT PACKING pc=0x0000020bb2a60bc0 sp=0x00000082a7df79d0
Event: 48.292 Thread 0x0000020bc64da890 DEOPT UNPACKING pc=0x0000020bb23d69a3 sp=0x00000082a7df7988 mode 2

Classes unloaded (0 events):
No events

Classes redefined (0 events):
No events

Internal exceptions (20 events):
Event: 46.263 Thread 0x0000020bc64da890 Exception <a 'java/lang/NoSuchMethodError'{0x00000000848316e8}: 'java.lang.Object java.lang.invoke.DirectMethodHandle$Holder.newInvokeSpecial(java.lang.Object, java.lang.Object, int)'> (0x00000000848316e8) 
thrown [s\src\hotspot\share\interpreter\linkResolver.cpp, line 771]
Event: 46.653 Thread 0x0000020bc64da890 Exception <a 'java/lang/NoSuchMethodError'{0x0000000084622338}: 'java.lang.Object java.lang.invoke.DirectMethodHandle$Holder.invokeSpecialIFC(java.lang.Object, java.lang.Object, java.lang.Object, java.lang.Object)'> (0x0000000084622338) 
thrown [s\src\hotspot\share\interpreter\linkResolver.cpp, line 771]
Event: 46.786 Thread 0x0000020bc64da890 Implicit null exception at 0x0000020bb2984f93 to 0x0000020bb29853fc
Event: 46.854 Thread 0x0000020bc64da890 Exception <a 'java/lang/NoSuchMethodError'{0x0000000083d44dd8}: 'java.lang.Object java.lang.invoke.DirectMethodHandle$Holder.invokeSpecial(java.lang.Object, java.lang.Object, java.lang.Object, java.lang.Object, java.lang.Object, java.lang.Object, java.lang.Object, java.lang.Object, java.lang.Object, java.lang.Object, java.lang.Object, java.lang.Object, java.lang.Object)'> (0x0000000083d44dd8) 
thrown [s\src\hotspot\share\interpreter\linkResolver.cpp, line 771]
Event: 46.855 Thread 0x0000020bc64da890 Exception <a 'java/lang/NoSuchMethodError'{0x0000000083d568a8}: 'java.lang.Object java.lang.invoke.DirectMethodHandle$Holder.newInvokeSpecial(java.lang.Object, java.lang.Object, java.lang.Object, java.lang.Object, java.lang.Object, java.lang.Object, java.lang.Object, java.lang.Object, java.lang.Object, java.lang.Object, java.lang.Object)'> (0x0000000083d568a8) 
thrown [s\src\hotspot\share\interpreter\linkResolver.cpp, line 771]
Event: 46.857 Thread 0x0000020bc64da890 Exception <a 'java/lang/NoSuchMethodError'{0x0000000083d5c780}: 'java.lang.Object java.lang.invoke.DirectMethodHandle$Holder.invokeSpecial(java.lang.Object, java.lang.Object, java.lang.Object, java.lang.Object, java.lang.Object, java.lang.Object, java.lang.Object, java.lang.Object, java.lang.Object, java.lang.Object, java.lang.Object, java.lang.Object)'> (0x0000000083d5c780) 
thrown [s\src\hotspot\share\interpreter\linkResolver.cpp, line 771]
Event: 46.858 Thread 0x0000020bc64da890 Exception <a 'java/lang/NoSuchMethodError'{0x0000000083d61e18}: 'java.lang.Object java.lang.invoke.Invokers$Holder.linkToTargetMethod(java.lang.Object, java.lang.Object, java.lang.Object, java.lang.Object, java.lang.Object, java.lang.Object, java.lang.Object, java.lang.Object, java.lang.Object, java.lang.Object, java.lang.Object)'> (0x0000000083d61e18) 
thrown [s\src\hotspot\share\interpreter\linkResolver.cpp, line 771]
Event: 46.867 Thread 0x0000020bc64da890 Exception <a 'java/lang/NoSuchMethodError'{0x0000000083dad078}: 'java.lang.Object java.lang.invoke.DirectMethodHandle$Holder.invokeSpecial(java.lang.Object, java.lang.Object, java.lang.Object, java.lang.Object, java.lang.Object, java.lang.Object, java.lang.Object, java.lang.Object, java.lang.Object, java.lang.Object, java.lang.Object, java.lang.Object, java.lang.Object, java.lang.Object)'> (0x0000000083dad078) 
thrown [s\src\hotspot\share\interpreter\linkResolver.cpp, line 771]
Event: 46.868 Thread 0x0000020bc64da890 Exception <a 'java/lang/NoSuchMethodError'{0x0000000083dbf6f0}: 'java.lang.Object java.lang.invoke.DirectMethodHandle$Holder.newInvokeSpecial(java.lang.Object, java.lang.Object, java.lang.Object, java.lang.Object, java.lang.Object, java.lang.Object, java.lang.Object, java.lang.Object, java.lang.Object, java.lang.Object, java.lang.Object, java.lang.Object)'> (0x0000000083dbf6f0) 
thrown [s\src\hotspot\share\interpreter\linkResolver.cpp, line 771]
Event: 46.869 Thread 0x0000020bc64da890 Exception <a 'java/lang/NoSuchMethodError'{0x0000000083dc5328}: 'java.lang.Object java.lang.invoke.Invokers$Holder.linkToTargetMethod(java.lang.Object, java.lang.Object, java.lang.Object, java.lang.Object, java.lang.Object, java.lang.Object, java.lang.Object, java.lang.Object, java.lang.Object, java.lang.Object, java.lang.Object, java.lang.Object)'> (0x0000000083dc5328) 
thrown [s\src\hotspot\share\interpreter\linkResolver.cpp, line 771]
Event: 46.908 Thread 0x0000020bc64da890 Exception <a 'java/lang/NoSuchMethodError'{0x0000000084c6aff8}: 'java.lang.Object java.lang.invoke.DirectMethodHandle$Holder.invokeStaticInit(java.lang.Object, java.lang.Object, java.lang.Object, java.lang.Object)'> (0x0000000084c6aff8) 
thrown [s\src\hotspot\share\interpreter\linkResolver.cpp, line 771]
Event: 47.177 Thread 0x0000020bc64da890 Exception <a 'java/lang/NoSuchMethodError'{0x0000000084ace858}: 'java.lang.Object java.lang.invoke.DirectMethodHandle$Holder.newInvokeSpecial(java.lang.Object, java.lang.Object, java.lang.Object, java.lang.Object, java.lang.Object, java.lang.Object, java.lang.Object, java.lang.Object)'> (0x0000000084ace858) 
thrown [s\src\hotspot\share\interpreter\linkResolver.cpp, line 771]
Event: 47.177 Thread 0x0000020bc64da890 Exception <a 'java/lang/NoSuchMethodError'{0x0000000084ad48e0}: 'java.lang.Object java.lang.invoke.Invokers$Holder.linkToTargetMethod(java.lang.Object, java.lang.Object, java.lang.Object, java.lang.Object, java.lang.Object, java.lang.Object, java.lang.Object, java.lang.Object)'> (0x0000000084ad48e0) 
thrown [s\src\hotspot\share\interpreter\linkResolver.cpp, line 771]
Event: 47.188 Thread 0x0000020bc64da890 Exception <a 'java/lang/NoSuchMethodError'{0x000000008490cb58}: 'java.lang.Object java.lang.invoke.DirectMethodHandle$Holder.newInvokeSpecial(java.lang.Object, java.lang.Object, java.lang.Object, java.lang.Object, java.lang.Object, java.lang.Object, java.lang.Object)'> (0x000000008490cb58) 
thrown [s\src\hotspot\share\interpreter\linkResolver.cpp, line 771]
Event: 47.189 Thread 0x0000020bc64da890 Exception <a 'java/lang/NoSuchMethodError'{0x0000000084912020}: 'java.lang.Object java.lang.invoke.Invokers$Holder.linkToTargetMethod(java.lang.Object, java.lang.Object, java.lang.Object, java.lang.Object, java.lang.Object, java.lang.Object, java.lang.Object)'> (0x0000000084912020) 
thrown [s\src\hotspot\share\interpreter\linkResolver.cpp, line 771]
Event: 47.204 Thread 0x0000020bc64da890 Exception <a 'java/lang/IncompatibleClassChangeError'{0x0000000084955618}: Found class java.lang.Object, but interface was expected> (0x0000000084955618) 
thrown [s\src\hotspot\share\interpreter\linkResolver.cpp, line 838]
Event: 48.616 Thread 0x0000020bc64da890 Exception <a 'java/lang/NoSuchMethodError'{0x0000000084709050}: 'void java.lang.invoke.DirectMethodHandle$Holder.invokeStaticInit(java.lang.Object, java.lang.Object, java.lang.Object)'> (0x0000000084709050) 
thrown [s\src\hotspot\share\interpreter\linkResolver.cpp, line 771]
Event: 48.618 Thread 0x0000020bc64da890 Exception <a 'java/lang/NoSuchMethodError'{0x00000000847107f8}: 'void java.lang.invoke.DirectMethodHandle$Holder.invokeStaticInit(java.lang.Object, java.lang.Object, java.lang.Object, java.lang.Object)'> (0x00000000847107f8) 
thrown [s\src\hotspot\share\interpreter\linkResolver.cpp, line 771]
Event: 48.623 Thread 0x0000020bc64da890 Exception <a 'java/lang/NoSuchMethodError'{0x0000000084732e30}: 'void java.lang.invoke.DirectMethodHandle$Holder.invokeStaticInit(java.lang.Object, java.lang.Object, java.lang.Object, java.lang.Object, java.lang.Object)'> (0x0000000084732e30) 
thrown [s\src\hotspot\share\interpreter\linkResolver.cpp, line 771]
Event: 48.670 Thread 0x0000020bc64da890 Exception <a 'java/lang/NoSuchMethodError'{0x00000000847a5b60}: 'int java.lang.invoke.DirectMethodHandle$Holder.invokeStaticInit(java.lang.Object, java.lang.Object, java.lang.Object, java.lang.Object)'> (0x00000000847a5b60) 
thrown [s\src\hotspot\share\interpreter\linkResolver.cpp, line 771]

VM Operations (20 events):
Event: 46.790 Executing VM operation: HandshakeAllThreads
Event: 46.790 Executing VM operation: HandshakeAllThreads done
Event: 46.875 Executing VM operation: G1CollectForAllocation
Event: 46.878 Executing VM operation: G1CollectForAllocation done
Event: 46.897 Executing VM operation: G1Concurrent
Event: 46.899 Executing VM operation: G1Concurrent done
Event: 46.906 Executing VM operation: G1Concurrent
Event: 46.907 Executing VM operation: G1Concurrent done
Event: 47.199 Executing VM operation: HandshakeAllThreads
Event: 47.199 Executing VM operation: HandshakeAllThreads done
Event: 47.446 Executing VM operation: HandshakeAllThreads
Event: 47.446 Executing VM operation: HandshakeAllThreads done
Event: 47.630 Executing VM operation: G1CollectForAllocation
Event: 47.636 Executing VM operation: G1CollectForAllocation done
Event: 48.366 Executing VM operation: HandshakeAllThreads
Event: 48.366 Executing VM operation: HandshakeAllThreads done
Event: 48.718 Executing VM operation: HandshakeAllThreads
Event: 48.718 Executing VM operation: HandshakeAllThreads done
Event: 48.718 Executing VM operation: Cleanup
Event: 48.718 Executing VM operation: Cleanup done

Events (20 events):
Event: 48.609 loading class java/util/Spliterators$IteratorSpliterator
Event: 48.614 loading class java/util/Spliterators$IteratorSpliterator done
Event: 48.676 loading class java/util/HashMap$KeySpliterator
Event: 48.677 loading class java/util/HashMap$KeySpliterator done
Event: 48.680 loading class java/util/concurrent/LinkedBlockingDeque$Itr
Event: 48.688 loading class java/util/concurrent/LinkedBlockingDeque$AbstractItr
Event: 48.688 loading class java/util/concurrent/LinkedBlockingDeque$AbstractItr done
Event: 48.688 loading class java/util/concurrent/LinkedBlockingDeque$Itr done
Event: 48.692 loading class java/lang/ClassFormatError
Event: 48.703 loading class java/lang/ClassFormatError done
Event: 48.719 loading class java/lang/ProcessHandle$Info
Event: 48.719 loading class java/lang/ProcessHandle$Info done
Event: 48.719 loading class java/lang/ProcessHandle
Event: 48.719 loading class java/lang/ProcessHandle done
Event: 48.719 loading class java/util/concurrent/CompletableFuture
Event: 48.733 loading class java/util/concurrent/CompletionStage
Event: 48.734 loading class java/util/concurrent/CompletionStage done
Event: 48.734 loading class java/util/concurrent/CompletableFuture done
Event: 48.738 loading class java/io/UnsupportedEncodingException
Event: 48.738 loading class java/io/UnsupportedEncodingException done


Dynamic libraries:
0x00007ff7b1b90000 - 0x00007ff7b1b9a000 	C:\Program Files\Android\Android Studio\jbr\bin\java.exe
0x00007ffcd2350000 - 0x00007ffcd2567000 	C:\WINDOWS\SYSTEM32\ntdll.dll
0x00007ffc7ee90000 - 0x00007ffc7eea9000 	C:\Program Files\AVAST Software\Avast\aswhook.dll
0x00007ffcd1750000 - 0x00007ffcd1814000 	C:\WINDOWS\System32\KERNEL32.DLL
0x00007ffccfbc0000 - 0x00007ffccff66000 	C:\WINDOWS\System32\KERNELBASE.dll
0x00007ffccf6c0000 - 0x00007ffccf7d1000 	C:\WINDOWS\System32\ucrtbase.dll
0x00007ffcc8e00000 - 0x00007ffcc8e1b000 	C:\Program Files\Android\Android Studio\jbr\bin\VCRUNTIME140.dll
0x00007ffcb8930000 - 0x00007ffcb8947000 	C:\Program Files\Android\Android Studio\jbr\bin\jli.dll
0x00007ffcd2160000 - 0x00007ffcd230e000 	C:\WINDOWS\System32\USER32.dll
0x00007ffccfb90000 - 0x00007ffccfbb6000 	C:\WINDOWS\System32\win32u.dll
0x00007ffcd04a0000 - 0x00007ffcd04c9000 	C:\WINDOWS\System32\GDI32.dll
0x00007ffccf9d0000 - 0x00007ffccfae8000 	C:\WINDOWS\System32\gdi32full.dll
0x00007ffccfaf0000 - 0x00007ffccfb8a000 	C:\WINDOWS\System32\msvcp_win.dll
0x00007ffcb57a0000 - 0x00007ffcb5a33000 	C:\WINDOWS\WinSxS\amd64_microsoft.windows.common-controls_6595b64144ccf1df_6.0.22621.2506_none_270c5ae97388e100\COMCTL32.dll
0x00007ffcd16a0000 - 0x00007ffcd1747000 	C:\WINDOWS\System32\msvcrt.dll
0x00007ffcd1f90000 - 0x00007ffcd1fc1000 	C:\WINDOWS\System32\IMM32.DLL
0x00007ffccc600000 - 0x00007ffccc60c000 	C:\Program Files\Android\Android Studio\jbr\bin\vcruntime140_1.dll
0x00007ffcb4f50000 - 0x00007ffcb4fdd000 	C:\Program Files\Android\Android Studio\jbr\bin\msvcp140.dll
0x00007ffc34d70000 - 0x00007ffc359f0000 	C:\Program Files\Android\Android Studio\jbr\bin\server\jvm.dll
0x00007ffcd1bf0000 - 0x00007ffcd1ca3000 	C:\WINDOWS\System32\ADVAPI32.dll
0x00007ffcd1890000 - 0x00007ffcd1938000 	C:\WINDOWS\System32\sechost.dll
0x00007ffccf690000 - 0x00007ffccf6b8000 	C:\WINDOWS\System32\bcrypt.dll
0x00007ffcd1230000 - 0x00007ffcd1347000 	C:\WINDOWS\System32\RPCRT4.dll
0x00007ffcc6c40000 - 0x00007ffcc6c74000 	C:\WINDOWS\SYSTEM32\WINMM.dll
0x00007ffca6c30000 - 0x00007ffca6c39000 	C:\WINDOWS\SYSTEM32\WSOCK32.dll
0x00007ffcd1cd0000 - 0x00007ffcd1d41000 	C:\WINDOWS\System32\WS2_32.dll
0x00007ffcc64a0000 - 0x00007ffcc64aa000 	C:\WINDOWS\SYSTEM32\VERSION.dll
0x00007ffcce6c0000 - 0x00007ffcce6d8000 	C:\WINDOWS\SYSTEM32\kernel.appcore.dll
0x00007ffccc640000 - 0x00007ffccc64a000 	C:\Program Files\Android\Android Studio\jbr\bin\jimage.dll
0x00007ffcccfc0000 - 0x00007ffccd1f3000 	C:\WINDOWS\SYSTEM32\DBGHELP.DLL
0x00007ffcd0110000 - 0x00007ffcd0499000 	C:\WINDOWS\System32\combase.dll
0x00007ffcd1d50000 - 0x00007ffcd1e27000 	C:\WINDOWS\System32\OLEAUT32.dll
0x00007ffcb9be0000 - 0x00007ffcb9c12000 	C:\WINDOWS\SYSTEM32\dbgcore.DLL
0x00007ffccf7e0000 - 0x00007ffccf85a000 	C:\WINDOWS\System32\bcryptPrimitives.dll
0x00007ffccc610000 - 0x00007ffccc635000 	C:\Program Files\Android\Android Studio\jbr\bin\java.dll
0x00007ffcc8e20000 - 0x00007ffcc8e38000 	C:\Program Files\Android\Android Studio\jbr\bin\zip.dll
0x00007ffcd09b0000 - 0x00007ffcd120a000 	C:\WINDOWS\System32\SHELL32.dll
0x00007ffccd5e0000 - 0x00007ffccded6000 	C:\WINDOWS\SYSTEM32\windows.storage.dll
0x00007ffccd4a0000 - 0x00007ffccd5de000 	C:\WINDOWS\SYSTEM32\wintypes.dll
0x00007ffcd1fd0000 - 0x00007ffcd20c3000 	C:\WINDOWS\System32\SHCORE.dll
0x00007ffcd1820000 - 0x00007ffcd187e000 	C:\WINDOWS\System32\shlwapi.dll
0x00007ffccf5c0000 - 0x00007ffccf5e6000 	C:\WINDOWS\SYSTEM32\profapi.dll
0x00007ffcc8de0000 - 0x00007ffcc8df9000 	C:\Program Files\Android\Android Studio\jbr\bin\net.dll
0x00007ffcc8330000 - 0x00007ffcc8467000 	C:\WINDOWS\SYSTEM32\WINHTTP.dll
0x00007ffcceb40000 - 0x00007ffcceba9000 	C:\WINDOWS\system32\mswsock.dll
0x00007ffcc8dc0000 - 0x00007ffcc8dd6000 	C:\Program Files\Android\Android Studio\jbr\bin\nio.dll
0x00007ffcc8db0000 - 0x00007ffcc8dc0000 	C:\Program Files\Android\Android Studio\jbr\bin\verify.dll
0x00007ffcb6310000 - 0x00007ffcb6337000 	C:\Users\KarThik\.gradle\native\e1d6ef7f7dcc3fd88c89a11ec53ec762bb8ba0a96d01ffa2cd45eb1d1d8dd5c5\windows-amd64\native-platform.dll
0x00007ffc897c0000 - 0x00007ffc89904000 	C:\Users\KarThik\.gradle\native\0d407fdbe67a94daf76414ababcb853783967236a71b16ec16e742cd7a986fd3\windows-amd64\native-platform-file-events.dll
0x00007ffcc8d90000 - 0x00007ffcc8d99000 	C:\Program Files\Android\Android Studio\jbr\bin\management.dll
0x00007ffcc8d10000 - 0x00007ffcc8d1b000 	C:\Program Files\Android\Android Studio\jbr\bin\management_ext.dll
0x00007ffcd14d0000 - 0x00007ffcd14d8000 	C:\WINDOWS\System32\PSAPI.DLL
0x00007ffcced90000 - 0x00007ffccedab000 	C:\WINDOWS\SYSTEM32\CRYPTSP.dll
0x00007ffcce620000 - 0x00007ffcce655000 	C:\WINDOWS\system32\rsaenh.dll
0x00007ffccec30000 - 0x00007ffccec5c000 	C:\WINDOWS\SYSTEM32\USERENV.dll
0x00007ffccedb0000 - 0x00007ffccedbc000 	C:\WINDOWS\SYSTEM32\CRYPTBASE.dll
0x00007ffcce140000 - 0x00007ffcce16d000 	C:\WINDOWS\SYSTEM32\IPHLPAPI.DLL
0x00007ffcd09a0000 - 0x00007ffcd09a9000 	C:\WINDOWS\System32\NSI.dll
0x00007ffcc8800000 - 0x00007ffcc8819000 	C:\WINDOWS\SYSTEM32\dhcpcsvc6.DLL
0x00007ffcc7ac0000 - 0x00007ffcc7adf000 	C:\WINDOWS\SYSTEM32\dhcpcsvc.DLL
0x00007ffcce1b0000 - 0x00007ffcce2a9000 	C:\WINDOWS\SYSTEM32\DNSAPI.dll
0x00007ffcb8c00000 - 0x00007ffcb8c08000 	C:\WINDOWS\system32\wshunix.dll

dbghelp: loaded successfully - version: 4.0.5 - missing functions: none
symbol engine: initialized successfully - sym options: 0x614 - pdb path: .;C:\Program Files\Android\Android Studio\jbr\bin;C:\WINDOWS\SYSTEM32;C:\Program Files\AVAST Software\Avast;C:\WINDOWS\WinSxS\amd64_microsoft.windows.common-controls_6595b64144ccf1df_6.0.22621.2506_none_270c5ae97388e100;C:\Program Files\Android\Android Studio\jbr\bin\server;C:\Users\KarThik\.gradle\native\e1d6ef7f7dcc3fd88c89a11ec53ec762bb8ba0a96d01ffa2cd45eb1d1d8dd5c5\windows-amd64;C:\Users\KarThik\.gradle\native\0d407fdbe67a94daf76414ababcb853783967236a71b16ec16e742cd7a986fd3\windows-amd64

VM Arguments:
jvm_args: --add-opens=java.base/java.util=ALL-UNNAMED --add-opens=java.base/java.lang=ALL-UNNAMED --add-opens=java.base/java.lang.invoke=ALL-UNNAMED --add-opens=java.base/java.util=ALL-UNNAMED --add-opens=java.prefs/java.util.prefs=ALL-UNNAMED --add-opens=java.prefs/java.util.prefs=ALL-UNNAMED --add-opens=java.base/java.nio.charset=ALL-UNNAMED --add-opens=java.base/java.net=ALL-UNNAMED --add-opens=java.base/java.util.concurrent.atomic=ALL-UNNAMED -Xmx2048m -Dfile.encoding=UTF-8 -Duser.country=IN -Duser.language=en -Duser.variant 
java_command: org.gradle.launcher.daemon.bootstrap.GradleDaemon 7.4
java_class_path (initial): C:\Users\KarThik\.gradle\wrapper\dists\gradle-7.4-bin\c0gwcg53nkjbqw7r0h0umtfvt\gradle-7.4\lib\gradle-launcher-7.4.jar
Launcher Type: SUN_STANDARD

[Global flags]
     intx CICompilerCount                          = 4                                         {product} {ergonomic}
     uint ConcGCThreads                            = 2                                         {product} {ergonomic}
     uint G1ConcRefinementThreads                  = 8                                         {product} {ergonomic}
   size_t G1HeapRegionSize                         = 1048576                                   {product} {ergonomic}
    uintx GCDrainStackTargetSize                   = 64                                        {product} {ergonomic}
   size_t InitialHeapSize                          = 67108864                                  {product} {ergonomic}
   size_t MarkStackSize                            = 4194304                                   {product} {ergonomic}
   size_t MaxHeapSize                              = 2147483648                                {product} {command line}
   size_t MaxNewSize                               = 1287651328                                {product} {ergonomic}
   size_t MinHeapDeltaBytes                        = 1048576                                   {product} {ergonomic}
   size_t MinHeapSize                              = 8388608                                   {product} {ergonomic}
    uintx NonNMethodCodeHeapSize                   = 5839372                                {pd product} {ergonomic}
    uintx NonProfiledCodeHeapSize                  = 122909434                              {pd product} {ergonomic}
    uintx ProfiledCodeHeapSize                     = 122909434                              {pd product} {ergonomic}
    uintx ReservedCodeCacheSize                    = 251658240                              {pd product} {ergonomic}
     bool SegmentedCodeCache                       = true                                      {product} {ergonomic}
   size_t SoftMaxHeapSize                          = 2147483648                             {manageable} {ergonomic}
     bool UseCompressedClassPointers               = true                           {product lp64_product} {ergonomic}
     bool UseCompressedOops                        = true                           {product lp64_product} {ergonomic}
     bool UseG1GC                                  = true                                      {product} {ergonomic}
     bool UseLargePagesIndividualAllocation        = false                                  {pd product} {ergonomic}

Logging:
Log output configuration:
 #0: stdout all=warning uptime,level,tags
 #1: stderr all=off uptime,level,tags

Environment Variables:
PATH=C:\WINDOWS\system32;C:\WINDOWS;C:\WINDOWS\System32\Wbem;C:\WINDOWS\System32\WindowsPowerShell\v1.0\;C:\WINDOWS\System32\OpenSSH\;C:\Program Files\Git\cmd;C:\Program Files\Microsoft SQL Server\130\Tools\Binn\;C:\Users\KarThik\AppData\Local\Microsoft\WindowsApps;C:\Users\KarThik\AppData\Local\GitHubDesktop\bin;C:\Users\KarThik\AppData\Local\Microsoft\WindowsApps;
USERNAME=KarThik
OS=Windows_NT
PROCESSOR_IDENTIFIER=Intel64 Family 6 Model 142 Stepping 12, GenuineIntel
TMP=C:\Users\KarThik\AppData\Local\Temp
TEMP=C:\Users\KarThik\AppData\Local\Temp


JNI global refs:
JNI global refs: 24, weak refs: 2

JNI global refs memory usage: 843, weak refs: 841

OOME stack traces (most recent first):
Classloader memory used:
Loader bootstrap                                                                       : 2186K
Loader org.gradle.internal.classloader.VisitableURLClassLoader                         : 2099K
Loader org.gradle.initialization.MixInLegacyTypesClassLoader                           : 415K
Loader org.gradle.internal.classloader.VisitableURLClassLoader                         : 50885B
Loader jdk.internal.loader.ClassLoaders$PlatformClassLoader                            : 30466B
Loader jdk.internal.loader.ClassLoaders$AppClassLoader                                 : 25013B
Loader jdk.internal.reflect.DelegatingClassLoader                                      : 19830B
Loader org.gradle.groovy.scripts.internal.DefaultScriptCompilationHandler$ScriptClassLoader: 822B

Classes loaded by more than one classloader:
Class org.gradle.api.GradleException                                                  : loaded 3 times (x 80B)
Class org.gradle.util.GradleVersion                                                   : loaded 2 times (x 81B)
Class org.gradle.internal.classpath.ClassPath                                         : loaded 2 times (x 68B)
Class org.gradle.api.internal.classpath.DefaultModuleRegistry                         : loaded 2 times (x 84B)
Class org.gradle.api.Action                                                           : loaded 2 times (x 68B)
Class org.gradle.api.internal.DefaultClassPathProvider                                : loaded 2 times (x 74B)
Class org.gradle.internal.installation.GradleInstallation$1                           : loaded 2 times (x 73B)
Class org.gradle.internal.exceptions.DefaultMultiCauseException                       : loaded 2 times (x 85B)
Class org.gradle.internal.time.MonotonicClock                                         : loaded 2 times (x 75B)
Class org.gradle.internal.classloader.FilteringClassLoader                            : loaded 2 times (x 102B)
Class org.gradle.internal.classloader.ClassLoaderVisitor                              : loaded 2 times (x 74B)
Class org.gradle.internal.time.DefaultCountdownTimer                                  : loaded 2 times (x 86B)
Class org.gradle.internal.service.DefaultServiceLocator                               : loaded 2 times (x 81B)
Class org.gradle.internal.service.UnknownServiceException                             : loaded 2 times (x 81B)
Class org.gradle.internal.classloader.DefaultClassLoaderFactory                       : loaded 2 times (x 80B)
Class org.gradle.internal.classloader.VisitableURLClassLoader$Spec                    : loaded 2 times (x 72B)
Class org.gradle.tooling.model.ProjectModel                                           : loaded 2 times (x 68B)
Class org.gradle.internal.installation.GradleInstallation                             : loaded 2 times (x 73B)
Class org.gradle.api.internal.classpath.ModuleRegistry                                : loaded 2 times (x 68B)
Class org.gradle.api.internal.ClassPathProvider                                       : loaded 2 times (x 68B)
Class org.gradle.internal.classloader.ClasspathUtil$1                                 : loaded 2 times (x 74B)
Class org.gradle.internal.classloader.ClassLoaderFactory                              : loaded 2 times (x 68B)
Class org.gradle.api.internal.classpath.ManifestUtil                                  : loaded 2 times (x 69B)
Class org.gradle.api.specs.Spec                                                       : loaded 2 times (x 68B)
Class org.gradle.internal.IoActions                                                   : loaded 2 times (x 69B)
Class org.gradle.api.internal.classpath.EffectiveClassPath                            : loaded 2 times (x 88B)
Class kotlin.jvm.internal.DefaultConstructorMarker                                    : loaded 2 times (x 69B)
Class org.gradle.internal.installation.CurrentGradleInstallation                      : loaded 2 times (x 71B)
Class org.gradle.internal.installation.CurrentGradleInstallationLocator               : loaded 2 times (x 69B)
Class org.gradle.api.internal.classpath.Module                                        : loaded 2 times (x 68B)
Class org.gradle.internal.service.CachingServiceLocator                               : loaded 2 times (x 80B)
Class org.gradle.internal.time.Timer                                                  : loaded 2 times (x 68B)
Class org.gradle.internal.classpath.DefaultClassPath                                  : loaded 2 times (x 88B)
Class org.gradle.api.Transformer                                                      : loaded 2 times (x 68B)
Class kotlin.jvm.functions.Function1                                                  : loaded 2 times (x 68B)
Class org.gradle.internal.time.Time                                                   : loaded 2 times (x 69B)
Class org.gradle.internal.time.TimeSource$1                                           : loaded 2 times (x 75B)
Class org.gradle.internal.classloader.SystemClassLoaderSpec                           : loaded 2 times (x 69B)
Class kotlin.Function                                                                 : loaded 2 times (x 68B)
Class org.gradle.api.UncheckedIOException                                             : loaded 2 times (x 80B)
Class org.gradle.internal.time.CountdownTimer                                         : loaded 2 times (x 68B)
Class org.gradle.internal.time.Clock                                                  : loaded 2 times (x 68B)
Class org.gradle.internal.classloader.ClasspathUtil                                   : loaded 2 times (x 69B)
Class org.gradle.api.internal.DefaultClassPathRegistry                                : loaded 2 times (x 74B)
Class org.gradle.api.internal.classpath.DefaultModuleRegistry$DefaultModule           : loaded 2 times (x 84B)
Class org.gradle.internal.time.TimeSource                                             : loaded 2 times (x 68B)
Class org.gradle.api.internal.classpath.UnknownModuleException                        : loaded 2 times (x 80B)
Class org.gradle.internal.service.ServiceLookupException                              : loaded 2 times (x 80B)
Class org.gradle.cache.GlobalCache                                                    : loaded 2 times (x 68B)
Class [Lorg.gradle.api.internal.ClassPathProvider;                                    : loaded 2 times (x 67B)
Class org.gradle.internal.operations.MultipleBuildOperationFailures                   : loaded 2 times (x 85B)
Class org.gradle.util.internal.GUtil                                                  : loaded 2 times (x 69B)
Class org.gradle.internal.classloader.ClassLoaderSpec                                 : loaded 2 times (x 69B)
Class org.gradle.internal.classloader.VisitableURLClassLoader                         : loaded 2 times (x 114B)
Class org.gradle.internal.Cast                                                        : loaded 2 times (x 69B)
Class org.gradle.api.internal.ClassPathRegistry                                       : loaded 2 times (x 68B)
Class org.gradle.internal.classloader.ClassLoaderHierarchy                            : loaded 2 times (x 68B)
Class org.gradle.internal.exceptions.MultiCauseException                              : loaded 2 times (x 68B)
Class org.gradle.internal.service.ServiceLocator                                      : loaded 2 times (x 68B)
Class org.gradle.internal.classpath.DefaultClassPath$ImmutableUniqueList              : loaded 2 times (x 159B)
Class org.gradle.internal.time.DefaultTimer                                           : loaded 2 times (x 78B)


---------------  S Y S T E M  ---------------

OS:
 Windows 11 , 64 bit Build 22621 (10.0.22621.2506)
OS uptime: 5 days 10:12 hours

CPU: total 8 (initial active 8) (4 cores per cpu, 2 threads per core) family 6 model 142 stepping 12 microcode 0xde, cx8, cmov, fxsr, ht, mmx, 3dnowpref, sse, sse2, sse3, ssse3, sse4.1, sse4.2, popcnt, lzcnt, tsc, tscinvbit, avx, avx2, aes, erms, clmul, bmi1, bmi2, adx, fma, vzeroupper, clflush, clflushopt

Memory: 4k page, system-wide physical 3974M (309M free)
TotalPageFile size 16262M (AvailPageFile size 3M)
current process WorkingSet (physical memory assigned to process): 192M, peak: 192M
current process commit charge ("private bytes"): 237M, peak: 237M

vm_info: OpenJDK 64-Bit Server VM (17.0.7+0-b2043.56-10550314) for windows-amd64 JRE (17.0.7+0-b2043.56-10550314), built on Jul 24 2023 18:27:45 by "androidbuild" with MS VC++ 16.10 / 16.11 (VS2019)

END.
